==1324533== Invalid read of size 1
==1324533==    at 0x10996E: wcount (wcount.c:16)
==1324533==    by 0x109376: test (test_wcount.c:39)
==1324533==    by 0x10941D: main (test_wcount.c:65)
==1324533==  Address 0x4a91042 is 0 bytes after a block of size 2 alloc'd
==1324533==    at 0x4848899: malloc (in /usr/libexec/valgrind/vgpreload_memcheck-amd64-linux.so)
==1324533==    by 0x1092E0: memdup (test_wcount.c:21)
==1324533==    by 0x109337: mystrdup (test_wcount.c:28)
==1324533==    by 0x109366: test (test_wcount.c:38)
==1324533==    by 0x10941D: main (test_wcount.c:65)
==1324533== 
==1324533== Invalid read of size 1
==1324533==    at 0x109925: wcount (wcount.c:17)
==1324533==    by 0x109376: test (test_wcount.c:39)
==1324533==    by 0x10941D: main (test_wcount.c:65)
==1324533==  Address 0x4a91042 is 0 bytes after a block of size 2 alloc'd
==1324533==    at 0x4848899: malloc (in /usr/libexec/valgrind/vgpreload_memcheck-amd64-linux.so)
==1324533==    by 0x1092E0: memdup (test_wcount.c:21)
==1324533==    by 0x109337: mystrdup (test_wcount.c:28)
==1324533==    by 0x109366: test (test_wcount.c:38)
==1324533==    by 0x10941D: main (test_wcount.c:65)
==1324533== 
==1324533== Invalid read of size 1
==1324533==    at 0x109937: wcount (wcount.c:17)
==1324533==    by 0x109376: test (test_wcount.c:39)
==1324533==    by 0x10941D: main (test_wcount.c:65)
==1324533==  Address 0x4a91042 is 0 bytes after a block of size 2 alloc'd
==1324533==    at 0x4848899: malloc (in /usr/libexec/valgrind/vgpreload_memcheck-amd64-linux.so)
==1324533==    by 0x1092E0: memdup (test_wcount.c:21)
==1324533==    by 0x109337: mystrdup (test_wcount.c:28)
==1324533==    by 0x109366: test (test_wcount.c:38)
==1324533==    by 0x10941D: main (test_wcount.c:65)
==1324533== 
==1324533== 
==1324533== More than 10000000 total errors detected.  I'm not reporting any more.
==1324533== Final error counts will be inaccurate.  Go fix your program!
==1324533== Rerun with --error-limit=no to disable this cutoff.  Note
==1324533== that errors may occur in your program without prior warning from
==1324533== Valgrind, because errors are no longer being displayed.
==1324533== 
==1324533== 
==1324533== Process terminating with default action of signal 11 (SIGSEGV)
==1324533==  Access not within mapped region at address 0x4E91000
==1324533==    at 0x10996E: wcount (wcount.c:16)
==1324533==    by 0x109376: test (test_wcount.c:39)
==1324533==    by 0x10941D: main (test_wcount.c:65)
==1324533==  If you believe this happened as a result of a stack
==1324533==  overflow in your program's main thread (unlikely but
==1324533==  possible), you can try to increase the size of the
==1324533==  main thread stack using the --main-stacksize= flag.
==1324533==  The main thread stack size used in this run was 8388608.
